<?xml version="1.0" encoding="UTF-8"?>
<!-- Generated by org.testng.reporters.JUnitXMLReporter -->
<testsuite ignored="1" hostname="Kishores-MacBook-Air.local" failures="0" tests="3" name="Default test" time="0.375" errors="0" timestamp="2022-09-29T19:23:55 IST">
  <testcase classname="testng.TestMethodStoppingFromTheExecutionTest" name="india" time="0.059"/>
  <testcase classname="testng.TestMethodStoppingFromTheExecutionTest" name="mi" time="0.002"/>
  <testcase classname="testng.TestMethodStoppingFromTheExecutionTest" name="rcb" time="0.002"/>
  <testcase classname="testng.TestMethodStoppingFromTheExecutionTest" name="csk" time="0.0">
    <ignored/>
  </testcase> <!-- csk -->
</testsuite> <!-- Default test -->
