<?xml version="1.0" encoding="UTF-8"?>
<!-- Generated by org.testng.reporters.JUnitXMLReporter -->
<testsuite ignored="4" hostname="Kishores-MacBook-Air.local" failures="0" tests="4" name="Test" time="0.612" errors="0" timestamp="2022-09-30T13:00:03 IST">
  <testcase classname="testng.GroupExecutionUsingGroups_01" name="testCase01" time="0.121"/>
  <testcase classname="testng.GroupExecutionUsingGroups_01" name="testCase02" time="0.003"/>
  <testcase classname="testng.GroupExecutionUsingGroups_02" name="testCase03" time="0.073"/>
  <testcase classname="testng.GroupExecutionUsingGroups_02" name="testCase04" time="0.003"/>
  <testcase classname="testng.GroupExecutionUsingGroups_01" name="testCase04" time="0.0">
    <ignored/>
  </testcase> <!-- testCase04 -->
  <testcase classname="testng.GroupExecutionUsingGroups_02" name="testCase01" time="0.0">
    <ignored/>
  </testcase> <!-- testCase01 -->
  <testcase classname="testng.GroupExecutionUsingGroups_02" name="testCase02" time="0.0">
    <ignored/>
  </testcase> <!-- testCase02 -->
  <testcase classname="testng.GroupExecutionUsingGroups_01" name="testCase03" time="0.0">
    <ignored/>
  </testcase> <!-- testCase03 -->
</testsuite> <!-- Test -->
